2022-07-16 00:50:51 - [ERROR] - User registration failed.
2022-07-16 00:51:49 - [ERROR] - Token generation error.
2022-07-16 00:51:49 - [ERROR] - User registration failed.
2022-07-16 00:51:51 - [ERROR] - Token generation error.
2022-07-16 00:51:51 - [ERROR] - User registration failed.
2022-07-16 01:19:57 - [ERROR] - User registration failed.
2022-07-16 01:19:57 - [ERROR] - User registration failed.
2022-07-16 01:21:29 - [ERROR] - User registration failed.
2022-07-16 01:29:30 - [ERROR] - User registration failed.
2022-07-16 01:29:55 - [ERROR] - User registration failed.
2022-07-16 01:30:20 - [ERROR] - User registration failed.
2022-07-16 01:30:59 - [ERROR] - User registration failed.
2022-07-16 01:31:14 - [ERROR] - User registration failed.
2022-07-16 01:31:35 - [ERROR] - User registration failed.
2022-07-16 02:40:27 - [ERROR] - User registration failed.
2022-07-16 02:42:59 - [ERROR] - User registration failed.
2022-07-16 02:44:40 - [ERROR] - User registration failed.
2022-07-16 04:36:02 - [ERROR] - User logging in error :
2022-07-16 04:37:33 - [ERROR] - User logging in error :
2022-07-16 04:38:47 - [ERROR] - User logging in error :
2022-07-16 04:49:04 - [ERROR] - User logging in error :
2022-07-16 04:49:10 - [ERROR] - User logging in error :
2022-07-16 11:24:44 - [ERROR] - Unauthenticated action.
2022-07-16 11:26:04 - [ERROR] - Unauthenticated action.
2022-07-16 11:26:21 - [ERROR] - Unauthenticated action.
2022-07-16 11:31:32 - [ERROR] - Unauthenticated action.
2022-07-16 11:33:16 - [ERROR] - Unauthenticated action.
2022-07-16 11:33:25 - [ERROR] - Unauthenticated action.
2022-07-16 11:44:32 - [ERROR] - Unauthenticated action.
2022-07-16 11:44:34 - [ERROR] - Unauthenticated action.
2022-07-16 11:49:49 - [ERROR] - Unauthenticated action.
2022-07-16 11:49:49 - [ERROR] - There was an error authenticating this action.
2022-07-16 11:50:18 - [ERROR] - Unauthenticated action.
2022-07-16 11:50:18 - [ERROR] - There was an error authenticating this action.
2022-07-16 11:50:19 - [ERROR] - Unauthenticated action.
2022-07-16 11:50:19 - [ERROR] - There was an error authenticating this action.
2022-07-16 11:50:24 - [ERROR] - Unauthenticated action.
2022-07-16 11:50:24 - [ERROR] - There was an error authenticating this action.
2022-07-16 11:51:36 - [ERROR] - Unauthenticated action.
2022-07-16 11:51:36 - [ERROR] - There was an error authenticating this action.
2022-07-16 11:51:36 - [ERROR] - Unauthenticated action.
2022-07-16 11:51:36 - [ERROR] - There was an error authenticating this action.
2022-07-16 11:51:40 - [ERROR] - Unauthenticated action.
2022-07-16 11:51:40 - [ERROR] - There was an error authenticating this action.
2022-07-16 11:51:41 - [ERROR] - Unauthenticated action.
2022-07-16 11:51:41 - [ERROR] - There was an error authenticating this action.
2022-07-16 11:51:41 - [ERROR] - Unauthenticated action.
2022-07-16 11:51:41 - [ERROR] - There was an error authenticating this action.
2022-07-16 11:51:41 - [ERROR] - Unauthenticated action.
2022-07-16 11:51:41 - [ERROR] - There was an error authenticating this action.
2022-07-16 11:51:41 - [ERROR] - Unauthenticated action.
2022-07-16 11:51:41 - [ERROR] - There was an error authenticating this action.
2022-07-16 11:51:41 - [ERROR] - Unauthenticated action.
2022-07-16 11:51:41 - [ERROR] - There was an error authenticating this action.
2022-07-16 11:51:58 - [ERROR] - Unauthenticated action.
2022-07-16 11:51:58 - [ERROR] - There was an error authenticating this action.
2022-07-16 11:51:58 - [ERROR] - Unauthenticated action.
2022-07-16 11:51:58 - [ERROR] - There was an error authenticating this action.
2022-07-16 11:51:59 - [ERROR] - Unauthenticated action.
2022-07-16 11:51:59 - [ERROR] - There was an error authenticating this action.
2022-07-16 11:51:59 - [ERROR] - Unauthenticated action.
2022-07-16 11:51:59 - [ERROR] - There was an error authenticating this action.
2022-07-16 11:51:59 - [ERROR] - Unauthenticated action.
2022-07-16 11:51:59 - [ERROR] - There was an error authenticating this action.
2022-07-16 11:52:10 - [ERROR] - Unauthenticated action.
2022-07-16 11:52:10 - [ERROR] - There was an error authenticating this action.
2022-07-16 11:52:10 - [ERROR] - Unauthenticated action.
2022-07-16 11:52:10 - [ERROR] - There was an error authenticating this action.
2022-07-16 11:52:48 - [ERROR] - Unauthenticated action.
2022-07-16 11:52:48 - [ERROR] - There was an error authenticating this action.
2022-07-16 11:53:53 - [ERROR] - Unauthenticated action.
2022-07-16 11:53:53 - [ERROR] - There was an error authenticating this action.
2022-07-16 11:54:16 - [ERROR] - Unauthenticated action.
2022-07-16 11:54:16 - [ERROR] - There was an error authenticating this action.
2022-07-16 11:54:33 - [ERROR] - Unauthenticated action.
2022-07-16 11:54:33 - [ERROR] - There was an error authenticating this action.
2022-07-16 11:58:37 - [ERROR] - Unauthenticated action.
2022-07-16 11:58:37 - [ERROR] - There was an error authenticating this action.
2022-07-16 11:58:44 - [ERROR] - Unauthenticated action.
2022-07-16 11:58:44 - [ERROR] - There was an error authenticating this action.
2022-07-16 11:59:53 - [ERROR] - Unauthenticated action.
2022-07-16 11:59:53 - [ERROR] - There was an error authenticating this action.
2022-07-16 12:01:22 - [ERROR] - Unauthenticated action.
2022-07-16 12:01:22 - [ERROR] - There was an error authenticating this action.
2022-07-16 12:02:22 - [ERROR] - Unauthenticated action.
2022-07-16 12:02:22 - [ERROR] - There was an error authenticating this action.
2022-07-16 12:02:23 - [ERROR] - Unauthenticated action.
2022-07-16 12:02:23 - [ERROR] - There was an error authenticating this action.
2022-07-16 12:02:23 - [ERROR] - Unauthenticated action.
2022-07-16 12:02:23 - [ERROR] - There was an error authenticating this action.
2022-07-16 12:02:27 - [ERROR] - Unauthenticated action.
2022-07-16 12:02:27 - [ERROR] - There was an error authenticating this action.
2022-07-16 12:02:56 - [ERROR] - Unauthenticated action.
2022-07-16 12:02:56 - [ERROR] - There was an error authenticating this action.
2022-07-16 12:02:56 - [ERROR] - Unauthenticated action.
2022-07-16 12:02:56 - [ERROR] - There was an error authenticating this action.
2022-07-16 12:02:56 - [ERROR] - Unauthenticated action.
2022-07-16 12:02:56 - [ERROR] - There was an error authenticating this action.
2022-07-16 12:03:00 - [ERROR] - Unauthenticated action.
2022-07-16 12:03:00 - [ERROR] - There was an error authenticating this action.
2022-07-16 12:03:26 - [ERROR] - There was an error authenticating this action.
2022-07-16 12:03:38 - [ERROR] - There was an error authenticating this action.
2022-07-16 12:04:00 - [ERROR] - Token verification failed.
2022-07-16 12:04:00 - [ERROR] - There was an error authenticating this action.
2022-07-16 12:04:09 - [ERROR] - There was an error authenticating this action.
2022-07-16 12:05:22 - [ERROR] - There was an error authenticating this action.
2022-07-16 12:05:48 - [ERROR] - There was an error authenticating this action.
2022-07-16 12:07:01 - [ERROR] - There was an error authenticating this action.
2022-07-16 12:07:24 - [ERROR] - Unauthenticated action.
2022-07-16 12:07:24 - [ERROR] - There was an error authenticating this action.
2022-07-16 12:07:41 - [ERROR] - There was an error authenticating this action.
2022-07-16 12:08:03 - [ERROR] - Token verification failed.
2022-07-16 12:08:03 - [ERROR] - There was an error authenticating this action.
2022-07-16 12:08:29 - [ERROR] - Token verification failed.
2022-07-16 12:08:29 - [ERROR] - There was an error authenticating this action.
2022-07-16 12:08:48 - [ERROR] - Token verification failed.
2022-07-16 12:08:48 - [ERROR] - There was an error authenticating this action.
2022-07-16 12:08:55 - [ERROR] - Token verification failed.
2022-07-16 12:08:55 - [ERROR] - There was an error authenticating this action.
2022-07-16 12:09:04 - [ERROR] - Unauthenticated action.
2022-07-16 12:09:04 - [ERROR] - There was an error authenticating this action.
2022-07-16 12:09:17 - [ERROR] - There was an error authenticating this action.
2022-07-16 12:09:34 - [ERROR] - There was an error authenticating this action.
2022-07-16 12:10:38 - [ERROR] - Token verification failed.
2022-07-16 12:10:38 - [ERROR] - There was an error authenticating this action.
2022-07-16 12:10:45 - [ERROR] - Token verification failed.
2022-07-16 12:10:45 - [ERROR] - There was an error authenticating this action.
2022-07-16 12:10:54 - [ERROR] - Token verification failed.
2022-07-16 12:10:54 - [ERROR] - There was an error authenticating this action.
2022-07-16 12:10:59 - [ERROR] - Token verification failed.
2022-07-16 12:10:59 - [ERROR] - There was an error authenticating this action.
2022-07-16 12:11:03 - [ERROR] - Token verification failed.
2022-07-16 12:11:03 - [ERROR] - There was an error authenticating this action.
2022-07-16 12:16:51 - [ERROR] - Unauthenticated action.
2022-07-16 12:16:51 - [ERROR] - There was an error authenticating this action.
2022-07-16 12:16:59 - [ERROR] - Unauthenticated action.
2022-07-16 12:16:59 - [ERROR] - There was an error authenticating this action.
2022-07-16 12:21:55 - [ERROR] - Forbidden admin action by unauthenticated user.
2022-07-16 12:22:09 - [ERROR] - Forbidden admin action by unauthenticated user.
2022-07-16 12:45:08 - [ERROR] - Forbidden admin action by unauthenticated user.
2022-07-16 12:53:26 - [ERROR] - Unauthenticated action.
2022-07-16 12:53:26 - [ERROR] - There was an error authenticating this action.
2022-07-16 12:54:18 - [ERROR] - Unauthenticated action.
2022-07-16 12:54:18 - [ERROR] - There was an error authenticating this action.
2022-07-16 12:54:32 - [ERROR] - Unauthenticated action.
2022-07-16 12:54:32 - [ERROR] - There was an error authenticating this action.
2022-07-16 12:55:39 - [ERROR] - Unauthenticated action.
2022-07-16 12:55:39 - [ERROR] - There was an error authenticating this action.
2022-07-16 12:56:58 - [ERROR] - Unauthenticated action.
2022-07-16 12:56:58 - [ERROR] - There was an error authenticating this action.
2022-07-16 12:58:23 - [ERROR] - Unauthenticated action.
2022-07-16 12:58:23 - [ERROR] - There was an error authenticating this action.
2022-07-16 12:58:25 - [ERROR] - Unauthenticated action.
2022-07-16 12:58:25 - [ERROR] - There was an error authenticating this action.
